Performing C++ SOURCE FILE Test CXXFLAG_WCAST_ALIGN_STRICT_OKAY failed with the following output:
Change Dir: /Users/benedictjung/Downloads/doodle/cmake-build-debug/CMakeFiles/CMakeTmp

Run Build Command(s):/usr/bin/make cmTC_844c3/fast && /Library/Developer/CommandLineTools/usr/bin/make  -f CMakeFiles/cmTC_844c3.dir/build.make CMakeFiles/cmTC_844c3.dir/build
Building CXX object CMakeFiles/cmTC_844c3.dir/src.cxx.o
/Library/Developer/CommandLineTools/usr/bin/c++ -DCXXFLAG_WCAST_ALIGN_STRICT_OKAY  -isysroot /Library/Developer/CommandLineTools/SDKs/MacOSX11.0.sdk -mmacosx-version-min=10.15   -Wcast-align=strict -o CMakeFiles/cmTC_844c3.dir/src.cxx.o -c /Users/benedictjung/Downloads/doodle/cmake-build-debug/CMakeFiles/CMakeTmp/src.cxx
warning: unknown warning option '-Wcast-align=strict'; did you mean '-Wcast-align'? [-Wunknown-warning-option]
1 warning generated.
Linking CXX executable cmTC_844c3
/Applications/CLion.app/Contents/bin/cmake/mac/bin/cmake -E cmake_link_script CMakeFiles/cmTC_844c3.dir/link.txt --verbose=1
/Library/Developer/CommandLineTools/usr/bin/c++  -isysroot /Library/Developer/CommandLineTools/SDKs/MacOSX11.0.sdk -mmacosx-version-min=10.15 -Wl,-search_paths_first -Wl,-headerpad_max_install_names CMakeFiles/cmTC_844c3.dir/src.cxx.o -o cmTC_844c3 


Source file was:
int main() { return 0; }
Performing C++ SOURCE FILE Test CXXFLAG_WERROR_BOOL_COMPARE_OKAY failed with the following output:
Change Dir: /Users/benedictjung/Downloads/doodle/cmake-build-debug/CMakeFiles/CMakeTmp

Run Build Command(s):/usr/bin/make cmTC_082af/fast && /Library/Developer/CommandLineTools/usr/bin/make  -f CMakeFiles/cmTC_082af.dir/build.make CMakeFiles/cmTC_082af.dir/build
Building CXX object CMakeFiles/cmTC_082af.dir/src.cxx.o
/Library/Developer/CommandLineTools/usr/bin/c++ -DCXXFLAG_WERROR_BOOL_COMPARE_OKAY  -isysroot /Library/Developer/CommandLineTools/SDKs/MacOSX11.0.sdk -mmacosx-version-min=10.15   -Werror=bool-compare -o CMakeFiles/cmTC_082af.dir/src.cxx.o -c /Users/benedictjung/Downloads/doodle/cmake-build-debug/CMakeFiles/CMakeTmp/src.cxx
warning: unknown warning option '-Werror=bool-compare' [-Wunknown-warning-option]
1 warning generated.
Linking CXX executable cmTC_082af
/Applications/CLion.app/Contents/bin/cmake/mac/bin/cmake -E cmake_link_script CMakeFiles/cmTC_082af.dir/link.txt --verbose=1
/Library/Developer/CommandLineTools/usr/bin/c++  -isysroot /Library/Developer/CommandLineTools/SDKs/MacOSX11.0.sdk -mmacosx-version-min=10.15 -Wl,-search_paths_first -Wl,-headerpad_max_install_names CMakeFiles/cmTC_082af.dir/src.cxx.o -o cmTC_082af 


Source file was:
int main() { return 0; }
